<?xml version="1.0" encoding="UTF-8"?>
<!-- Generated by org.testng.reporters.JUnitReportReporter -->
<testsuite skipped="0" hostname="DESKTOP-302Q34G" name="com.easemytrip.qa.tests.LoginPageTest" tests="2" failures="0" timestamp="2021-05-15T21:55:33 IST" time="50.925" errors="0">
  <testcase name="loginPageTitleTest" time="12.433" classname="com.easemytrip.qa.tests.LoginPageTest"/>
  <system-out/>
  <testcase name="loginPagetTest" time="38.492" classname="com.easemytrip.qa.tests.LoginPageTest"/>
  <system-out/>
</testsuite> <!-- com.easemytrip.qa.tests.LoginPageTest -->
