<?xml version="1.0" encoding="UTF-8"?>
<!-- Generated by org.testng.reporters.JUnitReportReporter -->
<testsuite skipped="0" hostname="DESKTOP-302Q34G" name="com.easemytrip.qa.tests.MyBookingPageTest" tests="1" failures="0" timestamp="2020-08-18T23:35:32 IST" time="21.256" errors="0">
  <testcase name="myBookingTest" time="21.256" classname="com.easemytrip.qa.tests.MyBookingPageTest"/>
  <system-out/>
</testsuite> <!-- com.easemytrip.qa.tests.MyBookingPageTest -->
