<?xml version="1.0" encoding="UTF-8"?>
<!-- Generated by org.testng.reporters.JUnitReportReporter -->
<testsuite skipped="0" hostname="DESKTOP-302Q34G" name="com.easemytrip.qa.tests.HomePageTest" tests="2" failures="0" timestamp="2020-08-27T02:39:39 IST" time="37.295" errors="0">
  <testcase name="validateSearchFlight" time="19.751" classname="com.easemytrip.qa.tests.HomePageTest"/>
  <system-out/>
  <testcase name="validateSearchFlight" time="17.544" classname="com.easemytrip.qa.tests.HomePageTest"/>
  <system-out/>
</testsuite> <!-- com.easemytrip.qa.tests.HomePageTest -->
