<?xml version="1.0" encoding="UTF-8"?>
<!-- Generated by org.testng.reporters.JUnitReportReporter -->
<testsuite skipped="0" hostname="DESKTOP-302Q34G" name="com.easemytrip.qa.tests.LoginPageTest" tests="2" failures="0" timestamp="2020-08-28T01:39:26 IST" time="29.303" errors="0">
  <testcase name="loginPageTitleTest" time="10.132" classname="com.easemytrip.qa.tests.LoginPageTest"/>
  <system-out/>
  <testcase name="loginPagetTest" time="19.171" classname="com.easemytrip.qa.tests.LoginPageTest"/>
  <system-out/>
</testsuite> <!-- com.easemytrip.qa.tests.LoginPageTest -->
