<?xml version="1.0" encoding="UTF-8"?>
<!-- Generated by org.testng.reporters.JUnitReportReporter -->
<testsuite skipped="0" hostname="DESKTOP-302Q34G" name="com.easemytrip.qa.tests.RegistrationPageTest" tests="1" failures="0" timestamp="2021-05-15T21:55:33 IST" time="13.269" errors="0">
  <testcase name="validateRegistrationTest" time="13.269" classname="com.easemytrip.qa.tests.RegistrationPageTest"/>
  <system-out/>
</testsuite> <!-- com.easemytrip.qa.tests.RegistrationPageTest -->
